[2025-11-13 11:13:24] security_violation: Potential security violation detected (User: d5babc6bd2089bcab5496aaf7dcba60d7315c2dec0f3da1fe85262f9654acac7, IP: ::1)
[2025-11-13 11:13:24] dev_tools_detected: Developer tools detected open (User: d5babc6bd2089bcab5496aaf7dcba60d7315c2dec0f3da1fe85262f9654acac7, IP: ::1)
[2025-11-13 11:13:25] dev_tools_detected: Developer tools detected open (User: d5babc6bd2089bcab5496aaf7dcba60d7315c2dec0f3da1fe85262f9654acac7, IP: ::1)
[2025-11-13 11:13:25] security_violation: Potential security violation detected (User: d5babc6bd2089bcab5496aaf7dcba60d7315c2dec0f3da1fe85262f9654acac7, IP: ::1)
[2025-11-13 11:13:26] dev_tools_detected: Developer tools detected open (User: d5babc6bd2089bcab5496aaf7dcba60d7315c2dec0f3da1fe85262f9654acac7, IP: ::1)
[2025-11-13 11:13:26] security_violation: Potential security violation detected (User: d5babc6bd2089bcab5496aaf7dcba60d7315c2dec0f3da1fe85262f9654acac7, IP: ::1)
[2025-11-13 11:13:27] dev_tools_detected: Developer tools detected open (User: d5babc6bd2089bcab5496aaf7dcba60d7315c2dec0f3da1fe85262f9654acac7, IP: ::1)
[2025-11-13 11:13:27] security_violation: Potential security violation detected (User: d5babc6bd2089bcab5496aaf7dcba60d7315c2dec0f3da1fe85262f9654acac7, IP: ::1)
[2025-11-13 11:13:28] dev_tools_detected: Developer tools detected open (User: d5babc6bd2089bcab5496aaf7dcba60d7315c2dec0f3da1fe85262f9654acac7, IP: ::1)
[2025-11-13 11:13:28] security_violation: Potential security violation detected (User: d5babc6bd2089bcab5496aaf7dcba60d7315c2dec0f3da1fe85262f9654acac7, IP: ::1)
[2025-11-13 11:13:29] dev_tools_detected: Developer tools detected open (User: d5babc6bd2089bcab5496aaf7dcba60d7315c2dec0f3da1fe85262f9654acac7, IP: ::1)
[2025-11-13 11:13:29] security_violation: Potential security violation detected (User: d5babc6bd2089bcab5496aaf7dcba60d7315c2dec0f3da1fe85262f9654acac7, IP: ::1)
[2025-11-13 11:13:30] dev_tools_detected: Developer tools detected open (User: d5babc6bd2089bcab5496aaf7dcba60d7315c2dec0f3da1fe85262f9654acac7, IP: ::1)
[2025-11-13 11:13:30] security_violation: Potential security violation detected (User: d5babc6bd2089bcab5496aaf7dcba60d7315c2dec0f3da1fe85262f9654acac7, IP: ::1)
[2025-11-13 11:13:31] dev_tools_detected: Developer tools detected open (User: d5babc6bd2089bcab5496aaf7dcba60d7315c2dec0f3da1fe85262f9654acac7, IP: ::1)
[2025-11-13 11:13:31] security_violation: Potential security violation detected (User: d5babc6bd2089bcab5496aaf7dcba60d7315c2dec0f3da1fe85262f9654acac7, IP: ::1)
[2025-11-13 11:13:32] dev_tools_detected: Developer tools detected open (User: d5babc6bd2089bcab5496aaf7dcba60d7315c2dec0f3da1fe85262f9654acac7, IP: ::1)
[2025-11-13 11:13:32] security_violation: Potential security violation detected (User: d5babc6bd2089bcab5496aaf7dcba60d7315c2dec0f3da1fe85262f9654acac7, IP: ::1)
[2025-11-13 11:13:33] dev_tools_detected: Developer tools detected open (User: d5babc6bd2089bcab5496aaf7dcba60d7315c2dec0f3da1fe85262f9654acac7, IP: ::1)
[2025-11-13 11:13:33] security_violation: Potential security violation detected (User: d5babc6bd2089bcab5496aaf7dcba60d7315c2dec0f3da1fe85262f9654acac7, IP: ::1)
[2025-11-13 11:13:34] dev_tools_detected: Developer tools detected open (User: d5babc6bd2089bcab5496aaf7dcba60d7315c2dec0f3da1fe85262f9654acac7, IP: ::1)
[2025-11-13 11:13:34] security_violation: Potential security violation detected (User: d5babc6bd2089bcab5496aaf7dcba60d7315c2dec0f3da1fe85262f9654acac7, IP: ::1)
[2025-11-13 11:13:35] dev_tools_detected: Developer tools detected open (User: d5babc6bd2089bcab5496aaf7dcba60d7315c2dec0f3da1fe85262f9654acac7, IP: ::1)
[2025-11-13 11:13:35] security_violation: Potential security violation detected (User: d5babc6bd2089bcab5496aaf7dcba60d7315c2dec0f3da1fe85262f9654acac7, IP: ::1)
[2025-11-13 11:13:35] dev_tools_detected: Developer tools detected open (User: d5babc6bd2089bcab5496aaf7dcba60d7315c2dec0f3da1fe85262f9654acac7, IP: ::1)
[2025-11-13 11:13:36] security_violation: Potential security violation detected (User: d5babc6bd2089bcab5496aaf7dcba60d7315c2dec0f3da1fe85262f9654acac7, IP: ::1)
[2025-11-13 11:13:36] dev_tools_detected: Developer tools detected open (User: d5babc6bd2089bcab5496aaf7dcba60d7315c2dec0f3da1fe85262f9654acac7, IP: ::1)
[2025-11-13 11:13:37] security_violation: Potential security violation detected (User: d5babc6bd2089bcab5496aaf7dcba60d7315c2dec0f3da1fe85262f9654acac7, IP: ::1)
[2025-11-13 11:13:38] dev_tools_detected: Developer tools detected open (User: d5babc6bd2089bcab5496aaf7dcba60d7315c2dec0f3da1fe85262f9654acac7, IP: ::1)
[2025-11-13 11:13:38] security_violation: Potential security violation detected (User: d5babc6bd2089bcab5496aaf7dcba60d7315c2dec0f3da1fe85262f9654acac7, IP: ::1)
[2025-11-13 11:13:39] dev_tools_detected: Developer tools detected open (User: d5babc6bd2089bcab5496aaf7dcba60d7315c2dec0f3da1fe85262f9654acac7, IP: ::1)
[2025-11-13 11:13:39] security_violation: Potential security violation detected (User: d5babc6bd2089bcab5496aaf7dcba60d7315c2dec0f3da1fe85262f9654acac7, IP: ::1)
[2025-11-13 11:13:40] dev_tools_detected: Developer tools detected open (User: d5babc6bd2089bcab5496aaf7dcba60d7315c2dec0f3da1fe85262f9654acac7, IP: ::1)
[2025-11-13 11:13:40] security_violation: Potential security violation detected (User: d5babc6bd2089bcab5496aaf7dcba60d7315c2dec0f3da1fe85262f9654acac7, IP: ::1)
[2025-11-13 11:13:41] dev_tools_detected: Developer tools detected open (User: d5babc6bd2089bcab5496aaf7dcba60d7315c2dec0f3da1fe85262f9654acac7, IP: ::1)
[2025-11-13 11:13:41] security_violation: Potential security violation detected (User: d5babc6bd2089bcab5496aaf7dcba60d7315c2dec0f3da1fe85262f9654acac7, IP: ::1)
[2025-11-13 11:13:41] dev_tools_detected: Developer tools detected open (User: d5babc6bd2089bcab5496aaf7dcba60d7315c2dec0f3da1fe85262f9654acac7, IP: ::1)
[2025-11-13 11:13:41] security_violation: Potential security violation detected (User: d5babc6bd2089bcab5496aaf7dcba60d7315c2dec0f3da1fe85262f9654acac7, IP: ::1)
[2025-11-13 11:13:43] dev_tools_detected: Developer tools detected open (User: d5babc6bd2089bcab5496aaf7dcba60d7315c2dec0f3da1fe85262f9654acac7, IP: ::1)
[2025-11-13 11:13:43] security_violation: Potential security violation detected (User: d5babc6bd2089bcab5496aaf7dcba60d7315c2dec0f3da1fe85262f9654acac7, IP: ::1)
[2025-11-13 11:13:44] dev_tools_detected: Developer tools detected open (User: d5babc6bd2089bcab5496aaf7dcba60d7315c2dec0f3da1fe85262f9654acac7, IP: ::1)
[2025-11-13 11:13:44] security_violation: Potential security violation detected (User: d5babc6bd2089bcab5496aaf7dcba60d7315c2dec0f3da1fe85262f9654acac7, IP: ::1)
[2025-11-13 11:13:45] dev_tools_detected: Developer tools detected open (User: d5babc6bd2089bcab5496aaf7dcba60d7315c2dec0f3da1fe85262f9654acac7, IP: ::1)
[2025-11-13 11:13:45] security_violation: Potential security violation detected (User: d5babc6bd2089bcab5496aaf7dcba60d7315c2dec0f3da1fe85262f9654acac7, IP: ::1)
[2025-11-13 11:13:46] dev_tools_detected: Developer tools detected open (User: d5babc6bd2089bcab5496aaf7dcba60d7315c2dec0f3da1fe85262f9654acac7, IP: ::1)
[2025-11-13 11:13:46] security_violation: Potential security violation detected (User: d5babc6bd2089bcab5496aaf7dcba60d7315c2dec0f3da1fe85262f9654acac7, IP: ::1)
[2025-11-13 11:13:47] dev_tools_detected: Developer tools detected open (User: d5babc6bd2089bcab5496aaf7dcba60d7315c2dec0f3da1fe85262f9654acac7, IP: ::1)
[2025-11-13 11:13:47] security_violation: Potential security violation detected (User: d5babc6bd2089bcab5496aaf7dcba60d7315c2dec0f3da1fe85262f9654acac7, IP: ::1)
[2025-11-13 11:13:47] dev_tools_detected: Developer tools detected open (User: d5babc6bd2089bcab5496aaf7dcba60d7315c2dec0f3da1fe85262f9654acac7, IP: ::1)
[2025-11-13 11:13:47] security_violation: Potential security violation detected (User: d5babc6bd2089bcab5496aaf7dcba60d7315c2dec0f3da1fe85262f9654acac7, IP: ::1)
[2025-11-13 11:13:48] dev_tools_detected: Developer tools detected open (User: d5babc6bd2089bcab5496aaf7dcba60d7315c2dec0f3da1fe85262f9654acac7, IP: ::1)
[2025-11-13 11:13:48] security_violation: Potential security violation detected (User: d5babc6bd2089bcab5496aaf7dcba60d7315c2dec0f3da1fe85262f9654acac7, IP: ::1)
[2025-11-13 11:13:50] dev_tools_detected: Developer tools detected open (User: d5babc6bd2089bcab5496aaf7dcba60d7315c2dec0f3da1fe85262f9654acac7, IP: ::1)
[2025-11-13 11:13:50] security_violation: Potential security violation detected (User: d5babc6bd2089bcab5496aaf7dcba60d7315c2dec0f3da1fe85262f9654acac7, IP: ::1)
[2025-11-13 11:13:51] dev_tools_detected: Developer tools detected open (User: d5babc6bd2089bcab5496aaf7dcba60d7315c2dec0f3da1fe85262f9654acac7, IP: ::1)
[2025-11-13 11:13:51] security_violation: Potential security violation detected (User: d5babc6bd2089bcab5496aaf7dcba60d7315c2dec0f3da1fe85262f9654acac7, IP: ::1)
[2025-11-13 11:13:52] dev_tools_detected: Developer tools detected open (User: d5babc6bd2089bcab5496aaf7dcba60d7315c2dec0f3da1fe85262f9654acac7, IP: ::1)
[2025-11-13 11:13:52] security_violation: Potential security violation detected (User: d5babc6bd2089bcab5496aaf7dcba60d7315c2dec0f3da1fe85262f9654acac7, IP: ::1)
[2025-11-13 11:13:53] security_violation: Potential security violation detected (User: d5babc6bd2089bcab5496aaf7dcba60d7315c2dec0f3da1fe85262f9654acac7, IP: ::1)
[2025-11-13 11:13:53] dev_tools_detected: Developer tools detected open (User: d5babc6bd2089bcab5496aaf7dcba60d7315c2dec0f3da1fe85262f9654acac7, IP: ::1)
[2025-11-13 11:13:54] dev_tools_detected: Developer tools detected open (User: d5babc6bd2089bcab5496aaf7dcba60d7315c2dec0f3da1fe85262f9654acac7, IP: ::1)
[2025-11-13 11:13:54] security_violation: Potential security violation detected (User: d5babc6bd2089bcab5496aaf7dcba60d7315c2dec0f3da1fe85262f9654acac7, IP: ::1)
[2025-11-13 11:13:55] dev_tools_detected: Developer tools detected open (User: d5babc6bd2089bcab5496aaf7dcba60d7315c2dec0f3da1fe85262f9654acac7, IP: ::1)
[2025-11-13 11:13:55] security_violation: Potential security violation detected (User: d5babc6bd2089bcab5496aaf7dcba60d7315c2dec0f3da1fe85262f9654acac7, IP: ::1)
[2025-11-13 11:13:56] dev_tools_detected: Developer tools detected open (User: d5babc6bd2089bcab5496aaf7dcba60d7315c2dec0f3da1fe85262f9654acac7, IP: ::1)
[2025-11-13 11:13:56] security_violation: Potential security violation detected (User: d5babc6bd2089bcab5496aaf7dcba60d7315c2dec0f3da1fe85262f9654acac7, IP: ::1)
[2025-11-13 11:13:57] dev_tools_detected: Developer tools detected open (User: d5babc6bd2089bcab5496aaf7dcba60d7315c2dec0f3da1fe85262f9654acac7, IP: ::1)
[2025-11-13 11:13:57] security_violation: Potential security violation detected (User: d5babc6bd2089bcab5496aaf7dcba60d7315c2dec0f3da1fe85262f9654acac7, IP: ::1)
[2025-11-13 11:13:58] dev_tools_detected: Developer tools detected open (User: d5babc6bd2089bcab5496aaf7dcba60d7315c2dec0f3da1fe85262f9654acac7, IP: ::1)
[2025-11-13 11:13:58] security_violation: Potential security violation detected (User: d5babc6bd2089bcab5496aaf7dcba60d7315c2dec0f3da1fe85262f9654acac7, IP: ::1)
[2025-11-13 11:13:59] dev_tools_detected: Developer tools detected open (User: d5babc6bd2089bcab5496aaf7dcba60d7315c2dec0f3da1fe85262f9654acac7, IP: ::1)
[2025-11-13 11:13:59] security_violation: Potential security violation detected (User: d5babc6bd2089bcab5496aaf7dcba60d7315c2dec0f3da1fe85262f9654acac7, IP: ::1)
[2025-11-13 11:14:00] dev_tools_detected: Developer tools detected open (User: d5babc6bd2089bcab5496aaf7dcba60d7315c2dec0f3da1fe85262f9654acac7, IP: ::1)
[2025-11-13 11:14:00] security_violation: Potential security violation detected (User: d5babc6bd2089bcab5496aaf7dcba60d7315c2dec0f3da1fe85262f9654acac7, IP: ::1)
[2025-11-13 11:14:03] dev_tools_detected: Developer tools detected open (User: d5babc6bd2089bcab5496aaf7dcba60d7315c2dec0f3da1fe85262f9654acac7, IP: ::1)
[2025-11-13 11:14:03] security_violation: Potential security violation detected (User: d5babc6bd2089bcab5496aaf7dcba60d7315c2dec0f3da1fe85262f9654acac7, IP: ::1)
[2025-11-13 11:14:03] security_violation: Potential security violation detected (User: d5babc6bd2089bcab5496aaf7dcba60d7315c2dec0f3da1fe85262f9654acac7, IP: ::1)
[2025-11-13 11:14:03] dev_tools_detected: Developer tools detected open (User: d5babc6bd2089bcab5496aaf7dcba60d7315c2dec0f3da1fe85262f9654acac7, IP: ::1)
[2025-11-13 11:14:03] dev_tools_detected: Developer tools detected open (User: d5babc6bd2089bcab5496aaf7dcba60d7315c2dec0f3da1fe85262f9654acac7, IP: ::1)
[2025-11-13 11:14:03] security_violation: Potential security violation detected (User: d5babc6bd2089bcab5496aaf7dcba60d7315c2dec0f3da1fe85262f9654acac7, IP: ::1)
[2025-11-13 11:14:04] dev_tools_detected: Developer tools detected open (User: d5babc6bd2089bcab5496aaf7dcba60d7315c2dec0f3da1fe85262f9654acac7, IP: ::1)
[2025-11-13 11:14:04] security_violation: Potential security violation detected (User: d5babc6bd2089bcab5496aaf7dcba60d7315c2dec0f3da1fe85262f9654acac7, IP: ::1)
[2025-11-13 11:14:05] dev_tools_detected: Developer tools detected open (User: d5babc6bd2089bcab5496aaf7dcba60d7315c2dec0f3da1fe85262f9654acac7, IP: ::1)
[2025-11-13 11:14:05] security_violation: Potential security violation detected (User: d5babc6bd2089bcab5496aaf7dcba60d7315c2dec0f3da1fe85262f9654acac7, IP: ::1)
[2025-11-13 11:14:06] dev_tools_detected: Developer tools detected open (User: d5babc6bd2089bcab5496aaf7dcba60d7315c2dec0f3da1fe85262f9654acac7, IP: ::1)
[2025-11-13 11:14:06] security_violation: Potential security violation detected (User: d5babc6bd2089bcab5496aaf7dcba60d7315c2dec0f3da1fe85262f9654acac7, IP: ::1)
[2025-11-13 11:14:07] dev_tools_detected: Developer tools detected open (User: d5babc6bd2089bcab5496aaf7dcba60d7315c2dec0f3da1fe85262f9654acac7, IP: ::1)
[2025-11-13 11:14:07] security_violation: Potential security violation detected (User: d5babc6bd2089bcab5496aaf7dcba60d7315c2dec0f3da1fe85262f9654acac7, IP: ::1)
[2025-11-13 11:14:08] dev_tools_detected: Developer tools detected open (User: d5babc6bd2089bcab5496aaf7dcba60d7315c2dec0f3da1fe85262f9654acac7, IP: ::1)
[2025-11-13 11:14:08] security_violation: Potential security violation detected (User: d5babc6bd2089bcab5496aaf7dcba60d7315c2dec0f3da1fe85262f9654acac7, IP: ::1)
[2025-11-13 11:14:09] dev_tools_detected: Developer tools detected open (User: d5babc6bd2089bcab5496aaf7dcba60d7315c2dec0f3da1fe85262f9654acac7, IP: ::1)
[2025-11-13 11:14:09] security_violation: Potential security violation detected (User: d5babc6bd2089bcab5496aaf7dcba60d7315c2dec0f3da1fe85262f9654acac7, IP: ::1)
[2025-11-13 11:14:10] dev_tools_detected: Developer tools detected open (User: d5babc6bd2089bcab5496aaf7dcba60d7315c2dec0f3da1fe85262f9654acac7, IP: ::1)
[2025-11-13 11:14:10] security_violation: Potential security violation detected (User: d5babc6bd2089bcab5496aaf7dcba60d7315c2dec0f3da1fe85262f9654acac7, IP: ::1)
[2025-11-13 11:21:24] dev_tools_blocked: Developer tools access attempted (User: d5babc6bd2089bcab5496aaf7dcba60d7315c2dec0f3da1fe85262f9654acac7, IP: ::1)
[2025-11-13 11:21:24] dev_tools_blocked: Developer tools access attempted (User: d5babc6bd2089bcab5496aaf7dcba60d7315c2dec0f3da1fe85262f9654acac7, IP: ::1)
[2025-11-13 11:49:31] unknown: Admin dashboard locked due to inactivity (User: d5babc6bd2089bcab5496aaf7dcba60d7315c2dec0f3da1fe85262f9654acac7, IP: ::1)
[2025-11-13 12:03:21] unknown: Admin session terminated due to failed re-authentication (User: d5babc6bd2089bcab5496aaf7dcba60d7315c2dec0f3da1fe85262f9654acac7, IP: ::1)
[2025-11-13 12:26:31] unknown: Admin dashboard locked due to inactivity (User: d5babc6bd2089bcab5496aaf7dcba60d7315c2dec0f3da1fe85262f9654acac7, IP: ::1)
[2025-11-13 12:31:59] unknown: Admin dashboard unlocked after re-authentication (User: d5babc6bd2089bcab5496aaf7dcba60d7315c2dec0f3da1fe85262f9654acac7, IP: ::1)
[2025-11-13 13:18:31] unknown: Admin dashboard locked due to inactivity (User: d5babc6bd2089bcab5496aaf7dcba60d7315c2dec0f3da1fe85262f9654acac7, IP: ::1)
[2025-11-13 13:19:59] unknown: Admin dashboard unlocked after re-authentication (User: d5babc6bd2089bcab5496aaf7dcba60d7315c2dec0f3da1fe85262f9654acac7, IP: ::1)
[2025-11-13 13:31:31] unknown: Admin dashboard locked due to inactivity (User: d5babc6bd2089bcab5496aaf7dcba60d7315c2dec0f3da1fe85262f9654acac7, IP: ::1)
[2025-11-13 13:48:53] unknown: Admin dashboard unlocked after re-authentication (User: d5babc6bd2089bcab5496aaf7dcba60d7315c2dec0f3da1fe85262f9654acac7, IP: ::1)
[2025-11-13 14:12:31] unknown: Admin dashboard locked due to inactivity (User: d5babc6bd2089bcab5496aaf7dcba60d7315c2dec0f3da1fe85262f9654acac7, IP: ::1)
[2025-11-13 14:14:01] unknown: Admin dashboard unlocked after re-authentication (User: d5babc6bd2089bcab5496aaf7dcba60d7315c2dec0f3da1fe85262f9654acac7, IP: ::1)
[2025-11-13 16:11:31] unknown: Admin dashboard locked due to inactivity (User: unknown, IP: ::1)
[2025-11-13 16:17:13] unknown: Admin session terminated due to failed re-authentication (User: unknown, IP: ::1)
[2025-11-13 16:38:31] unknown: Admin dashboard locked due to inactivity (User: unknown, IP: ::1)
[2025-11-13 16:40:29] unknown: Admin session terminated due to failed re-authentication (User: unknown, IP: ::1)
[2025-11-14 07:01:00] unknown: Admin dashboard locked due to inactivity (User: unknown, IP: ::1)
[2025-11-14 07:28:21] unknown: Admin session terminated due to failed re-authentication (User: unknown, IP: ::1)
[2025-11-14 08:00:00] unknown: Admin dashboard locked due to inactivity (User: d5babc6bd2089bcab5496aaf7dcba60d7315c2dec0f3da1fe85262f9654acac7, IP: ::1)
[2025-11-14 08:00:30] unknown: Admin session terminated due to failed re-authentication (User: d5babc6bd2089bcab5496aaf7dcba60d7315c2dec0f3da1fe85262f9654acac7, IP: ::1)
[2025-11-14 09:31:21] unknown: Admin dashboard locked due to inactivity (User: d5babc6bd2089bcab5496aaf7dcba60d7315c2dec0f3da1fe85262f9654acac7, IP: ::1)
[2025-11-14 09:39:43] unknown: Admin session terminated due to failed re-authentication (User: d5babc6bd2089bcab5496aaf7dcba60d7315c2dec0f3da1fe85262f9654acac7, IP: ::1)
[2025-11-14 10:03:21] unknown: Admin dashboard locked due to inactivity (User: d5babc6bd2089bcab5496aaf7dcba60d7315c2dec0f3da1fe85262f9654acac7, IP: ::1)
[2025-11-14 10:33:21] unknown: Admin session terminated due to failed re-authentication (User: unknown, IP: ::1)
[2025-11-14 12:27:21] unknown: Admin dashboard locked due to inactivity (User: d5babc6bd2089bcab5496aaf7dcba60d7315c2dec0f3da1fe85262f9654acac7, IP: ::1)
[2025-11-14 12:57:20] unknown: Admin session terminated due to failed re-authentication (User: unknown, IP: ::1)
[2025-11-15 10:30:00] unknown: Admin dashboard locked due to inactivity (User: d5babc6bd2089bcab5496aaf7dcba60d7315c2dec0f3da1fe85262f9654acac7, IP: ::1)
[2025-11-15 11:00:01] unknown: Admin session terminated due to failed re-authentication (User: unknown, IP: ::1)
[2025-11-15 12:20:00] unknown: Admin dashboard locked due to inactivity (User: d5babc6bd2089bcab5496aaf7dcba60d7315c2dec0f3da1fe85262f9654acac7, IP: ::1)
[2025-11-15 12:33:59] unknown: Admin session terminated due to failed re-authentication (User: d5babc6bd2089bcab5496aaf7dcba60d7315c2dec0f3da1fe85262f9654acac7, IP: ::1)
[2025-11-15 12:34:07] unknown: Admin session terminated due to failed re-authentication (User: d5babc6bd2089bcab5496aaf7dcba60d7315c2dec0f3da1fe85262f9654acac7, IP: ::1)
[2025-11-15 12:34:14] unknown: Admin session terminated due to failed re-authentication (User: d5babc6bd2089bcab5496aaf7dcba60d7315c2dec0f3da1fe85262f9654acac7, IP: ::1)
[2025-11-15 12:34:20] unknown: Admin session terminated due to failed re-authentication (User: d5babc6bd2089bcab5496aaf7dcba60d7315c2dec0f3da1fe85262f9654acac7, IP: ::1)
[2025-11-15 12:34:25] unknown: Admin session terminated due to failed re-authentication (User: d5babc6bd2089bcab5496aaf7dcba60d7315c2dec0f3da1fe85262f9654acac7, IP: ::1)
[2025-11-15 12:34:29] unknown: Admin session terminated due to failed re-authentication (User: d5babc6bd2089bcab5496aaf7dcba60d7315c2dec0f3da1fe85262f9654acac7, IP: ::1)
[2025-11-15 12:34:34] unknown: Admin session terminated due to failed re-authentication (User: d5babc6bd2089bcab5496aaf7dcba60d7315c2dec0f3da1fe85262f9654acac7, IP: ::1)
[2025-11-15 12:34:43] unknown: Admin session terminated due to failed re-authentication (User: d5babc6bd2089bcab5496aaf7dcba60d7315c2dec0f3da1fe85262f9654acac7, IP: ::1)
[2025-11-15 12:34:43] unknown: Admin session terminated due to failed re-authentication (User: d5babc6bd2089bcab5496aaf7dcba60d7315c2dec0f3da1fe85262f9654acac7, IP: ::1)
[2025-11-18 05:49:49] unknown: Admin dashboard locked due to inactivity (User: unknown, IP: ::1)
[2025-11-18 06:20:38] unknown: Admin session terminated due to failed re-authentication (User: unknown, IP: ::1)
[2025-12-10 08:24:44] unknown: Admin dashboard locked due to inactivity (User: d5babc6bd2089bcab5496aaf7dcba60d7315c2dec0f3da1fe85262f9654acac7, IP: ::1)
[2025-12-10 08:26:52] unknown: Admin dashboard unlocked after re-authentication (User: d5babc6bd2089bcab5496aaf7dcba60d7315c2dec0f3da1fe85262f9654acac7, IP: ::1)
[2025-12-10 09:22:44] unknown: Admin dashboard locked due to inactivity (User: d5babc6bd2089bcab5496aaf7dcba60d7315c2dec0f3da1fe85262f9654acac7, IP: ::1)
[2025-12-10 09:45:13] unknown: Admin session terminated due to failed re-authentication (User: d5babc6bd2089bcab5496aaf7dcba60d7315c2dec0f3da1fe85262f9654acac7, IP: ::1)
[2025-12-10 09:45:14] unknown: Admin session terminated due to failed re-authentication (User: unknown, IP: ::1)
[2025-12-10 10:10:44] unknown: Admin dashboard locked due to inactivity (User: d5babc6bd2089bcab5496aaf7dcba60d7315c2dec0f3da1fe85262f9654acac7, IP: ::1)
[2025-12-10 10:14:20] unknown: Admin dashboard unlocked after re-authentication (User: d5babc6bd2089bcab5496aaf7dcba60d7315c2dec0f3da1fe85262f9654acac7, IP: ::1)
[2025-12-10 10:51:05] unknown: Admin dashboard locked due to inactivity (User: d5babc6bd2089bcab5496aaf7dcba60d7315c2dec0f3da1fe85262f9654acac7, IP: ::1)
[2025-12-10 10:51:15] unknown: Admin dashboard unlocked after re-authentication (User: d5babc6bd2089bcab5496aaf7dcba60d7315c2dec0f3da1fe85262f9654acac7, IP: ::1)
[2025-12-10 11:01:35] unknown: Admin dashboard locked due to inactivity (User: d5babc6bd2089bcab5496aaf7dcba60d7315c2dec0f3da1fe85262f9654acac7, IP: ::1)
[2025-12-10 11:02:05] unknown: Admin session terminated due to failed re-authentication (User: d5babc6bd2089bcab5496aaf7dcba60d7315c2dec0f3da1fe85262f9654acac7, IP: ::1)
[2025-12-10 12:18:40] unknown: Admin dashboard locked due to inactivity (User: d5babc6bd2089bcab5496aaf7dcba60d7315c2dec0f3da1fe85262f9654acac7, IP: ::1)
[2025-12-10 12:19:10] unknown: Admin session terminated due to failed re-authentication (User: unknown, IP: ::1)
[2025-12-10 12:19:11] unknown: Admin session terminated due to failed re-authentication (User: unknown, IP: ::1)
[2025-12-10 12:48:53] unknown: Admin dashboard locked due to inactivity (User: d5babc6bd2089bcab5496aaf7dcba60d7315c2dec0f3da1fe85262f9654acac7, IP: ::1)
[2025-12-10 12:49:23] unknown: Admin session terminated due to failed re-authentication (User: d5babc6bd2089bcab5496aaf7dcba60d7315c2dec0f3da1fe85262f9654acac7, IP: ::1)
[2025-12-13 14:43:31] unknown: Admin session terminated due to failed re-authentication (User: d5babc6bd2089bcab5496aaf7dcba60d7315c2dec0f3da1fe85262f9654acac7, IP: ::1)
[2025-12-13 14:43:31] unknown: Admin session terminated due to failed re-authentication (User: d5babc6bd2089bcab5496aaf7dcba60d7315c2dec0f3da1fe85262f9654acac7, IP: ::1)
[2025-12-13 14:43:31] unknown: Admin session terminated due to failed re-authentication (User: d5babc6bd2089bcab5496aaf7dcba60d7315c2dec0f3da1fe85262f9654acac7, IP: ::1)
[2025-12-13 14:43:32] unknown: Admin session terminated due to failed re-authentication (User: d5babc6bd2089bcab5496aaf7dcba60d7315c2dec0f3da1fe85262f9654acac7, IP: ::1)
[2025-12-14 05:56:03] unknown: Admin dashboard locked due to inactivity (User: d5babc6bd2089bcab5496aaf7dcba60d7315c2dec0f3da1fe85262f9654acac7, IP: ::1)
[2025-12-15 06:19:56] unknown: Admin dashboard locked due to inactivity (User: d5babc6bd2089bcab5496aaf7dcba60d7315c2dec0f3da1fe85262f9654acac7, IP: ::1)
[2025-12-15 06:49:56] unknown: Admin session terminated due to failed re-authentication (User: d5babc6bd2089bcab5496aaf7dcba60d7315c2dec0f3da1fe85262f9654acac7, IP: ::1)
[2026-02-10 12:02:51] unknown: Admin dashboard locked due to inactivity (User: unknown, IP: ::1)
[2026-02-10 12:03:21] unknown: Admin session terminated due to failed re-authentication (User: unknown, IP: ::1)
[2026-02-10 12:03:22] unknown: Admin session terminated due to failed re-authentication (User: unknown, IP: ::1)
[2026-02-10 12:03:25] unknown: Admin session terminated due to failed re-authentication (User: unknown, IP: ::1)
[2026-02-10 12:03:25] unknown: Admin session terminated due to failed re-authentication (User: unknown, IP: ::1)
[2026-02-10 12:17:43] unknown: Admin dashboard locked due to inactivity (User: unknown, IP: ::1)
[2026-02-10 12:18:13] unknown: Admin session terminated due to failed re-authentication (User: unknown, IP: ::1)
[2026-02-10 14:17:06] unknown: Admin dashboard locked due to inactivity (User: unknown, IP: ::1)
[2026-02-10 14:17:36] unknown: Admin session terminated due to failed re-authentication (User: unknown, IP: ::1)
[2026-02-10 14:17:37] unknown: Admin session terminated due to failed re-authentication (User: unknown, IP: ::1)
[2026-02-11 06:03:44] unknown: Admin dashboard locked due to inactivity (User: unknown, IP: ::1)
[2026-02-11 06:04:11] unknown: Admin session terminated due to failed re-authentication (User: unknown, IP: ::1)
[2026-02-11 06:04:12] unknown: Admin session terminated due to failed re-authentication (User: unknown, IP: ::1)
[2026-02-11 08:13:26] unknown: Admin dashboard locked due to inactivity (User: unknown, IP: ::1)
[2026-02-11 08:18:50] unknown: Admin dashboard unlocked after re-authentication (User: unknown, IP: ::1)
[2026-02-11 09:51:26] unknown: Admin dashboard locked due to inactivity (User: unknown, IP: ::1)
[2026-02-11 09:53:43] unknown: Admin dashboard unlocked after re-authentication (User: unknown, IP: ::1)
[2026-02-11 10:13:26] unknown: Admin dashboard locked due to inactivity (User: unknown, IP: ::1)
[2026-02-11 10:19:48] unknown: Admin dashboard unlocked after re-authentication (User: unknown, IP: ::1)
[2026-02-11 13:11:13] unknown: Admin dashboard locked due to inactivity (User: unknown, IP: ::1)
[2026-02-11 13:11:43] unknown: Admin session terminated due to failed re-authentication (User: unknown, IP: ::1)
[2026-02-12 07:14:22] unknown: Admin dashboard locked due to inactivity (User: unknown, IP: ::1)
[2026-02-12 07:14:52] unknown: Admin session terminated due to failed re-authentication (User: unknown, IP: ::1)
[2026-02-12 07:14:53] unknown: Admin session terminated due to failed re-authentication (User: unknown, IP: ::1)
[2026-02-12 08:29:05] unknown: Admin dashboard locked due to inactivity (User: unknown, IP: ::1)
[2026-02-12 08:32:31] unknown: Admin dashboard unlocked after re-authentication (User: unknown, IP: ::1)
[2026-02-14 12:06:43] unknown: Admin dashboard locked due to inactivity (User: unknown, IP: ::1)
[2026-02-14 12:07:13] unknown: Admin session terminated due to failed re-authentication (User: unknown, IP: ::1)
[2026-02-14 12:07:14] unknown: Admin session terminated due to failed re-authentication (User: unknown, IP: ::1)
[2026-02-14 12:07:15] unknown: Admin session terminated due to failed re-authentication (User: unknown, IP: ::1)
[2026-02-16 13:12:36] unknown: Admin dashboard locked due to inactivity (User: unknown, IP: ::1)
[2026-02-16 13:23:09] unknown: Admin session terminated due to failed re-authentication (User: unknown, IP: ::1)
[2026-02-16 13:23:10] unknown: Admin session terminated due to failed re-authentication (User: unknown, IP: ::1)
[2026-02-16 13:23:11] unknown: Admin session terminated due to failed re-authentication (User: unknown, IP: ::1)
[2026-02-16 13:23:12] unknown: Admin session terminated due to failed re-authentication (User: unknown, IP: ::1)
[2026-02-16 13:23:14] unknown: Admin dashboard unlocked after re-authentication (User: unknown, IP: ::1)
[2026-02-16 18:42:36] unknown: Admin dashboard locked due to inactivity (User: unknown, IP: ::1)
[2026-02-16 18:48:00] unknown: Admin session terminated due to failed re-authentication (User: unknown, IP: ::1)
[2026-02-16 18:48:01] unknown: Admin session terminated due to failed re-authentication (User: unknown, IP: ::1)
[2026-02-16 18:48:02] unknown: Admin session terminated due to failed re-authentication (User: unknown, IP: ::1)
[2026-02-16 18:48:03] unknown: Admin session terminated due to failed re-authentication (User: unknown, IP: ::1)
[2026-02-17 06:39:30] unknown: Admin dashboard locked due to inactivity (User: unknown, IP: ::1)
[2026-02-17 06:48:28] unknown: Admin dashboard unlocked after re-authentication (User: unknown, IP: ::1)
[2026-02-17 19:49:21] unknown: Admin dashboard locked due to inactivity (User: unknown, IP: ::1)
[2026-02-17 19:52:55] unknown: Admin dashboard unlocked after re-authentication (User: unknown, IP: ::1)
[2026-02-18 05:56:18] unknown: Admin dashboard locked due to inactivity (User: unknown, IP: ::1)
[2026-02-18 07:35:09] unknown: Admin dashboard locked due to inactivity (User: unknown, IP: ::1)
[2026-02-18 07:36:18] unknown: Admin dashboard unlocked after re-authentication (User: unknown, IP: ::1)
[2026-02-18 08:04:09] unknown: Admin dashboard locked due to inactivity (User: unknown, IP: ::1)
[2026-02-18 08:34:09] unknown: Admin session terminated due to failed re-authentication (User: unknown, IP: ::1)
[2026-02-18 14:49:21] unknown: Admin dashboard locked due to inactivity (User: unknown, IP: ::1)
[2026-02-26 08:31:54] unknown: Admin dashboard locked due to inactivity (User: unknown, IP: ::1)
[2026-02-26 08:32:24] unknown: Admin session terminated due to failed re-authentication (User: unknown, IP: ::1)
[2026-02-26 08:32:25] unknown: Admin session terminated due to failed re-authentication (User: unknown, IP: ::1)
[2026-02-26 08:32:26] unknown: Admin session terminated due to failed re-authentication (User: unknown, IP: ::1)
[2026-02-26 08:32:28] unknown: Admin session terminated due to failed re-authentication (User: unknown, IP: ::1)
[2026-02-26 08:32:28] unknown: Admin session terminated due to failed re-authentication (User: unknown, IP: ::1)
[2026-02-26 08:32:29] unknown: Admin session terminated due to failed re-authentication (User: unknown, IP: ::1)
[2026-03-01 17:09:57] unknown: Admin dashboard locked due to inactivity (User: unknown, IP: ::1)
[2026-03-01 17:10:27] unknown: Admin session terminated due to failed re-authentication (User: unknown, IP: ::1)
[2026-03-01 17:10:28] unknown: Admin session terminated due to failed re-authentication (User: unknown, IP: ::1)
[2026-03-01 17:10:29] unknown: Admin session terminated due to failed re-authentication (User: unknown, IP: ::1)
[2026-03-01 17:10:32] unknown: Admin session terminated due to failed re-authentication (User: unknown, IP: ::1)
[2026-03-01 17:10:32] unknown: Admin session terminated due to failed re-authentication (User: unknown, IP: ::1)
[2026-03-02 06:02:01] unknown: Admin dashboard locked due to inactivity (User: unknown, IP: ::1)
[2026-03-02 09:03:52] unknown: Admin dashboard locked due to inactivity (User: unknown, IP: ::1)
[2026-03-02 09:25:16] unknown: Admin session terminated due to failed re-authentication (User: unknown, IP: ::1)
[2026-03-02 09:25:17] unknown: Admin session terminated due to failed re-authentication (User: unknown, IP: ::1)
[2026-03-02 09:25:18] unknown: Admin session terminated due to failed re-authentication (User: unknown, IP: ::1)
[2026-03-02 09:25:19] unknown: Admin session terminated due to failed re-authentication (User: unknown, IP: ::1)
[2026-03-02 09:25:21] unknown: Admin session terminated due to failed re-authentication (User: unknown, IP: ::1)
[2026-03-02 09:25:22] unknown: Admin session terminated due to failed re-authentication (User: unknown, IP: ::1)
[2026-03-02 09:58:52] unknown: Admin dashboard locked due to inactivity (User: unknown, IP: ::1)
[2026-03-02 10:28:52] unknown: Admin session terminated due to failed re-authentication (User: unknown, IP: ::1)
[2026-03-03 17:09:24] unknown: Admin dashboard locked due to inactivity (User: unknown, IP: ::1)
[2026-03-03 17:09:56] unknown: Admin session terminated due to failed re-authentication (User: unknown, IP: ::1)
[2026-03-03 17:09:56] unknown: Admin session terminated due to failed re-authentication (User: unknown, IP: ::1)
[2026-03-03 17:09:56] unknown: Admin session terminated due to failed re-authentication (User: unknown, IP: ::1)
[2026-03-03 17:09:59] unknown: Admin session terminated due to failed re-authentication (User: unknown, IP: ::1)
[2026-03-03 17:10:00] unknown: Admin session terminated due to failed re-authentication (User: unknown, IP: ::1)
[2026-03-03 17:10:01] unknown: Admin session terminated due to failed re-authentication (User: unknown, IP: ::1)
[2026-03-03 17:10:02] unknown: Admin session terminated due to failed re-authentication (User: unknown, IP: ::1)
[2026-03-03 17:10:05] unknown: Admin session terminated due to failed re-authentication (User: unknown, IP: ::1)
[2026-03-03 17:10:05] unknown: Admin session terminated due to failed re-authentication (User: unknown, IP: ::1)
[2026-03-03 17:10:06] unknown: Admin session terminated due to failed re-authentication (User: unknown, IP: ::1)
[2026-03-03 17:10:07] unknown: Admin session terminated due to failed re-authentication (User: unknown, IP: ::1)
[2026-03-03 17:10:08] unknown: Admin session terminated due to failed re-authentication (User: unknown, IP: ::1)
[2026-03-03 17:10:08] unknown: Admin session terminated due to failed re-authentication (User: unknown, IP: ::1)
[2026-03-03 17:10:11] unknown: Admin session terminated due to failed re-authentication (User: unknown, IP: ::1)
[2026-03-03 17:10:12] unknown: Admin session terminated due to failed re-authentication (User: unknown, IP: ::1)
[2026-03-03 17:10:12] unknown: Admin session terminated due to failed re-authentication (User: unknown, IP: ::1)
[2026-03-03 17:10:12] unknown: Admin session terminated due to failed re-authentication (User: unknown, IP: ::1)
[2026-03-03 17:10:13] unknown: Admin session terminated due to failed re-authentication (User: unknown, IP: ::1)
[2026-03-03 17:10:13] unknown: Admin session terminated due to failed re-authentication (User: unknown, IP: ::1)
[2026-03-03 17:10:16] unknown: Admin session terminated due to failed re-authentication (User: unknown, IP: ::1)
[2026-03-03 17:10:17] unknown: Admin session terminated due to failed re-authentication (User: unknown, IP: ::1)
[2026-03-03 17:10:17] unknown: Admin session terminated due to failed re-authentication (User: unknown, IP: ::1)
[2026-03-03 17:10:17] unknown: Admin session terminated due to failed re-authentication (User: unknown, IP: ::1)
[2026-03-03 17:10:19] unknown: Admin session terminated due to failed re-authentication (User: unknown, IP: ::1)
[2026-03-03 17:10:19] unknown: Admin session terminated due to failed re-authentication (User: unknown, IP: ::1)
[2026-03-03 17:10:20] unknown: Admin session terminated due to failed re-authentication (User: unknown, IP: ::1)
[2026-03-03 17:10:22] unknown: Admin session terminated due to failed re-authentication (User: unknown, IP: ::1)
[2026-03-03 17:10:22] unknown: Admin session terminated due to failed re-authentication (User: unknown, IP: ::1)
[2026-03-03 17:10:24] unknown: Admin session terminated due to failed re-authentication (User: unknown, IP: ::1)
[2026-03-03 17:10:25] unknown: Admin session terminated due to failed re-authentication (User: unknown, IP: ::1)
[2026-03-03 17:10:26] unknown: Admin session terminated due to failed re-authentication (User: unknown, IP: ::1)
[2026-03-03 17:10:27] unknown: Admin session terminated due to failed re-authentication (User: unknown, IP: ::1)
[2026-03-03 17:10:28] unknown: Admin session terminated due to failed re-authentication (User: unknown, IP: ::1)
[2026-03-03 17:10:28] unknown: Admin session terminated due to failed re-authentication (User: unknown, IP: ::1)
[2026-03-03 17:10:29] unknown: Admin session terminated due to failed re-authentication (User: unknown, IP: ::1)
[2026-03-03 17:10:30] unknown: Admin session terminated due to failed re-authentication (User: unknown, IP: ::1)
[2026-03-03 17:10:31] unknown: Admin session terminated due to failed re-authentication (User: unknown, IP: ::1)
[2026-03-03 17:10:33] unknown: Admin session terminated due to failed re-authentication (User: unknown, IP: ::1)
[2026-03-03 17:10:34] unknown: Admin session terminated due to failed re-authentication (User: unknown, IP: ::1)
[2026-03-03 17:10:34] unknown: Admin session terminated due to failed re-authentication (User: unknown, IP: ::1)
[2026-03-03 17:10:39] unknown: Admin session terminated due to failed re-authentication (User: unknown, IP: ::1)
[2026-03-03 18:05:59] unknown: Admin dashboard locked due to inactivity (User: unknown, IP: ::1)
[2026-03-03 18:06:29] unknown: Admin session terminated due to failed re-authentication (User: unknown, IP: ::1)
[2026-03-03 18:06:30] unknown: Admin session terminated due to failed re-authentication (User: unknown, IP: ::1)
[2026-03-03 18:06:31] unknown: Admin session terminated due to failed re-authentication (User: unknown, IP: ::1)
[2026-03-03 18:50:46] unknown: Admin dashboard locked due to inactivity (User: unknown, IP: ::1)
[2026-03-03 18:51:12] unknown: Admin dashboard unlocked after re-authentication (User: unknown, IP: ::1)
[2026-03-03 19:20:43] unknown: Admin dashboard locked due to inactivity (User: unknown, IP: ::1)
[2026-03-03 19:21:11] unknown: Admin session terminated due to failed re-authentication (User: unknown, IP: ::1)
[2026-03-03 19:21:12] unknown: Admin session terminated due to failed re-authentication (User: unknown, IP: ::1)
[2026-03-03 19:21:13] unknown: Admin session terminated due to failed re-authentication (User: unknown, IP: ::1)
[2026-03-03 19:21:13] unknown: Admin session terminated due to failed re-authentication (User: unknown, IP: ::1)
[2026-03-03 19:21:14] unknown: Admin session terminated due to failed re-authentication (User: unknown, IP: ::1)
[2026-03-03 19:21:15] unknown: Admin session terminated due to failed re-authentication (User: unknown, IP: ::1)
[2026-03-04 08:02:08] unknown: Admin dashboard locked due to inactivity (User: unknown, IP: ::1)
[2026-03-04 08:32:09] unknown: Admin session terminated due to failed re-authentication (User: unknown, IP: ::1)
[2026-03-04 10:12:08] unknown: Admin dashboard locked due to inactivity (User: unknown, IP: ::1)
[2026-03-04 12:10:10] unknown: Admin dashboard locked due to inactivity (User: unknown, IP: ::1)
[2026-03-04 12:40:10] unknown: Admin session terminated due to failed re-authentication (User: unknown, IP: ::1)
[2026-03-04 14:39:10] unknown: Admin dashboard locked due to inactivity (User: unknown, IP: ::1)
[2026-03-04 16:41:04] unknown: Admin session terminated due to failed re-authentication (User: unknown, IP: ::1)
[2026-03-10 12:32:23] unknown: Admin dashboard locked due to inactivity (User: unknown, IP: ::1)
[2026-03-10 12:32:43] unknown: Admin dashboard unlocked after re-authentication (User: unknown, IP: ::1)
[2026-03-11 14:54:03] unknown: Admin dashboard locked due to inactivity (User: unknown, IP: ::1)
[2026-03-11 15:07:03] unknown: Admin dashboard locked due to inactivity (User: unknown, IP: ::1)
[2026-03-11 16:38:56] unknown: Admin session terminated due to failed re-authentication (User: unknown, IP: ::1)
[2026-03-12 14:24:22] unknown: Admin dashboard locked due to inactivity (User: unknown, IP: ::1)
[2026-03-12 14:24:52] unknown: Admin session terminated due to failed re-authentication (User: unknown, IP: ::1)
[2026-03-12 14:24:53] unknown: Admin session terminated due to failed re-authentication (User: unknown, IP: ::1)
[2026-03-13 10:56:28] unknown: Admin dashboard locked due to inactivity (User: unknown, IP: ::1)
[2026-03-13 11:26:28] unknown: Admin session terminated due to failed re-authentication (User: unknown, IP: ::1)
[2026-03-13 20:39:12] unknown: Admin dashboard locked due to inactivity (User: unknown, IP: ::1)
[2026-03-13 20:49:55] unknown: Admin dashboard unlocked after re-authentication (User: unknown, IP: ::1)
[2026-03-13 21:22:11] unknown: Admin dashboard locked due to inactivity (User: unknown, IP: ::1)
[2026-03-13 21:49:31] unknown: Admin session terminated due to failed re-authentication (User: unknown, IP: ::1)
[2026-03-13 21:49:32] unknown: Admin session terminated due to failed re-authentication (User: unknown, IP: ::1)
[2026-03-13 22:24:12] unknown: Admin dashboard locked due to inactivity (User: unknown, IP: ::1)
[2026-03-13 22:54:11] unknown: Admin session terminated due to failed re-authentication (User: unknown, IP: ::1)
[2026-03-14 06:41:15] unknown: Admin dashboard locked due to inactivity (User: unknown, IP: ::1)
[2026-03-14 06:54:22] unknown: Admin dashboard unlocked after re-authentication (User: unknown, IP: ::1)
[2026-03-14 07:20:14] unknown: Admin dashboard locked due to inactivity (User: unknown, IP: ::1)
[2026-03-14 07:29:39] unknown: Admin dashboard unlocked after re-authentication (User: unknown, IP: ::1)
[2026-03-14 07:52:14] unknown: Admin dashboard locked due to inactivity (User: unknown, IP: ::1)
[2026-03-14 08:22:15] unknown: Admin session terminated due to failed re-authentication (User: unknown, IP: ::1)
[2026-03-14 08:22:15] unknown: Admin session terminated due to failed re-authentication (User: unknown, IP: ::1)
[2026-03-14 08:22:15] unknown: Admin session terminated due to failed re-authentication (User: unknown, IP: ::1)
[2026-03-14 08:22:16] unknown: Admin session terminated due to failed re-authentication (User: unknown, IP: ::1)
[2026-03-14 09:07:16] unknown: Admin dashboard locked due to inactivity (User: unknown, IP: ::1)
[2026-03-14 09:37:15] unknown: Admin session terminated due to failed re-authentication (User: unknown, IP: ::1)
[2026-03-15 20:31:02] unknown: Admin dashboard locked due to inactivity (User: unknown, IP: ::1)
[2026-03-15 20:50:49] unknown: Admin session terminated due to failed re-authentication (User: unknown, IP: ::1)
[2026-03-15 20:50:50] unknown: Admin session terminated due to failed re-authentication (User: unknown, IP: ::1)
[2026-03-21 21:01:25] unknown: Admin dashboard locked due to inactivity (User: unknown, IP: ::1)
[2026-03-21 21:08:06] unknown: Admin dashboard unlocked after re-authentication (User: unknown, IP: ::1)
[2026-03-22 11:49:12] unknown: Admin dashboard locked due to inactivity (User: unknown, IP: ::1)
[2026-03-22 11:49:42] unknown: Admin session terminated due to failed re-authentication (User: unknown, IP: ::1)
[2026-03-23 06:16:44] unknown: Admin dashboard locked due to inactivity (User: unknown, IP: ::1)
[2026-03-24 13:17:16] unknown: Admin dashboard locked due to inactivity (User: unknown, IP: ::1)
[2026-03-24 13:47:15] unknown: Admin session terminated due to failed re-authentication (User: unknown, IP: ::1)
[2026-03-26 06:55:04] unknown: Admin session terminated due to failed re-authentication (User: unknown, IP: ::1)
[2026-03-27 07:00:47] unknown: Admin dashboard locked due to inactivity (User: unknown, IP: ::1)
[2026-03-27 07:30:47] unknown: Admin session terminated due to failed re-authentication (User: unknown, IP: ::1)
[2026-03-30 12:05:07] unknown: Admin dashboard locked due to inactivity (User: unknown, IP: ::1)
[2026-03-30 12:05:37] unknown: Admin session terminated due to failed re-authentication (User: unknown, IP: ::1)
[2026-03-30 12:05:38] unknown: Admin session terminated due to failed re-authentication (User: unknown, IP: ::1)
[2026-03-30 12:05:39] unknown: Admin session terminated due to failed re-authentication (User: unknown, IP: ::1)
[2026-04-07 11:15:50] unknown: Admin dashboard locked due to inactivity (User: unknown, IP: ::1)
[2026-04-07 11:44:42] unknown: Admin session terminated due to failed re-authentication (User: unknown, IP: ::1)
[2026-04-07 11:44:43] unknown: Admin session terminated due to failed re-authentication (User: unknown, IP: ::1)
[2026-04-07 11:44:44] unknown: Admin session terminated due to failed re-authentication (User: unknown, IP: ::1)
[2026-04-07 11:58:49] unknown: Admin dashboard locked due to inactivity (User: unknown, IP: ::1)
[2026-04-07 12:02:20] unknown: Admin dashboard unlocked after re-authentication (User: unknown, IP: ::1)
[2026-04-07 12:22:49] unknown: Admin dashboard locked due to inactivity (User: unknown, IP: ::1)
[2026-04-07 12:33:03] unknown: Admin dashboard unlocked after re-authentication (User: unknown, IP: ::1)
[2026-04-07 13:32:50] unknown: Admin dashboard locked due to inactivity (User: unknown, IP: ::1)
[2026-04-07 14:02:10] unknown: Admin session terminated due to failed re-authentication (User: unknown, IP: ::1)
[2026-04-07 14:02:10] unknown: Admin session terminated due to failed re-authentication (User: unknown, IP: ::1)
[2026-04-07 14:02:11] unknown: Admin session terminated due to failed re-authentication (User: unknown, IP: ::1)
[2026-04-07 15:03:50] unknown: Admin dashboard locked due to inactivity (User: unknown, IP: ::1)
[2026-04-07 15:20:38] unknown: Admin session terminated due to failed re-authentication (User: unknown, IP: ::1)
[2026-04-07 15:20:40] unknown: Admin session terminated due to failed re-authentication (User: unknown, IP: ::1)
[2026-04-07 15:20:41] unknown: Admin session terminated due to failed re-authentication (User: unknown, IP: ::1)
[2026-04-07 15:20:41] unknown: Admin session terminated due to failed re-authentication (User: unknown, IP: ::1)
[2026-04-07 15:20:43] unknown: Admin session terminated due to failed re-authentication (User: unknown, IP: ::1)
[2026-04-07 15:20:46] unknown: Admin session terminated due to failed re-authentication (User: unknown, IP: ::1)
[2026-04-07 17:17:45] unknown: Admin dashboard locked due to inactivity (User: unknown, IP: ::1)
[2026-04-07 17:25:07] unknown: Admin session terminated due to failed re-authentication (User: unknown, IP: ::1)
[2026-04-07 17:25:08] unknown: Admin session terminated due to failed re-authentication (User: unknown, IP: ::1)
[2026-04-07 17:25:09] unknown: Admin session terminated due to failed re-authentication (User: unknown, IP: ::1)
[2026-04-08 14:15:32] unknown: Admin dashboard locked due to inactivity (User: unknown, IP: ::1)
[2026-04-08 14:27:27] unknown: Admin session terminated due to failed re-authentication (User: unknown, IP: ::1)
[2026-04-08 14:27:28] unknown: Admin session terminated due to failed re-authentication (User: unknown, IP: ::1)
[2026-04-08 14:27:29] unknown: Admin session terminated due to failed re-authentication (User: unknown, IP: ::1)
[2026-04-14 14:09:34] unknown: Admin dashboard locked due to inactivity (User: unknown, IP: ::1)
[2026-04-14 14:39:34] unknown: Admin session terminated due to failed re-authentication (User: unknown, IP: ::1)
[2026-04-15 15:46:20] unknown: Admin dashboard locked due to inactivity (User: unknown, IP: ::1)
[2026-04-15 17:54:13] unknown: Admin session terminated due to failed re-authentication (User: unknown, IP: ::1)
[2026-04-16 13:16:01] unknown: Admin dashboard locked due to inactivity (User: unknown, IP: ::1)
[2026-04-16 13:46:01] unknown: Admin session terminated due to failed re-authentication (User: unknown, IP: ::1)
[2026-04-19 13:08:09] unknown: Admin dashboard locked due to inactivity (User: unknown, IP: ::1)
[2026-04-19 13:38:11] unknown: Admin session terminated due to failed re-authentication (User: unknown, IP: ::1)
[2026-04-21 16:03:18] unknown: Admin dashboard locked due to inactivity (User: unknown, IP: ::1)
[2026-04-22 07:37:10] unknown: Admin session terminated due to failed re-authentication (User: unknown, IP: ::1)
[2026-04-28 13:41:13] unknown: Admin dashboard locked due to inactivity (User: unknown, IP: ::1)
[2026-04-28 14:11:13] unknown: Admin session terminated due to failed re-authentication (User: unknown, IP: ::1)
[2026-05-07 21:42:47] unknown: Admin dashboard locked due to inactivity (User: unknown, IP: ::1)
[2026-05-08 05:48:42] unknown: Admin session terminated due to failed re-authentication (User: unknown, IP: ::1)
[2026-05-18 11:16:01] unknown: Admin dashboard locked due to inactivity (User: unknown, IP: ::1)
[2026-05-18 11:16:31] unknown: Admin session terminated due to failed re-authentication (User: unknown, IP: ::1)
[2026-05-18 11:16:32] unknown: Admin session terminated due to failed re-authentication (User: unknown, IP: ::1)
[2026-05-18 12:41:11] unknown: Admin dashboard locked due to inactivity (User: unknown, IP: ::1)
[2026-05-18 12:41:22] unknown: Admin dashboard unlocked after re-authentication (User: unknown, IP: ::1)
[2026-05-18 13:04:33] unknown: Admin dashboard locked due to inactivity (User: unknown, IP: ::1)
[2026-05-18 13:34:34] unknown: Admin session terminated due to failed re-authentication (User: unknown, IP: ::1)
[2026-05-20 10:29:25] unknown: Admin dashboard locked due to inactivity (User: unknown, IP: ::1)
[2026-05-20 10:59:24] unknown: Admin session terminated due to failed re-authentication (User: unknown, IP: ::1)
[2026-05-21 10:25:19] unknown: Admin dashboard locked due to inactivity (User: unknown, IP: ::1)
[2026-05-21 10:55:19] unknown: Admin session terminated due to failed re-authentication (User: unknown, IP: ::1)
[2026-05-27 15:33:41] unknown: Admin dashboard locked due to inactivity (User: unknown, IP: ::1)
[2026-05-27 15:38:24] unknown: Admin dashboard unlocked after re-authentication (User: unknown, IP: ::1)
[2026-06-01 14:11:23] unknown: Admin dashboard locked due to inactivity (User: unknown, IP: ::1)
[2026-06-01 14:40:34] unknown: Admin session terminated due to failed re-authentication (User: unknown, IP: ::1)
[2026-06-01 14:40:34] unknown: Admin session terminated due to failed re-authentication (User: unknown, IP: ::1)
[2026-06-01 14:40:35] unknown: Admin session terminated due to failed re-authentication (User: unknown, IP: ::1)
[2026-06-01 15:01:27] unknown: Admin dashboard locked due to inactivity (User: unknown, IP: ::1)
[2026-06-01 15:12:31] unknown: Admin dashboard unlocked after re-authentication (User: unknown, IP: ::1)
[2026-06-01 15:26:27] unknown: Admin dashboard locked due to inactivity (User: unknown, IP: ::1)
[2026-06-01 15:56:27] unknown: Admin session terminated due to failed re-authentication (User: unknown, IP: ::1)
[2026-06-08 22:01:46] unknown: Admin dashboard locked due to inactivity (User: unknown, IP: ::1)
[2026-06-08 22:02:16] unknown: Admin session terminated due to failed re-authentication (User: unknown, IP: ::1)
[2026-06-08 22:02:17] unknown: Admin session terminated due to failed re-authentication (User: unknown, IP: ::1)
[2026-06-08 22:02:19] unknown: Admin session terminated due to failed re-authentication (User: unknown, IP: ::1)
[2026-06-08 22:02:21] unknown: Admin session terminated due to failed re-authentication (User: unknown, IP: ::1)
[2026-06-08 22:02:21] unknown: Admin session terminated due to failed re-authentication (User: unknown, IP: ::1)
[2026-06-08 22:02:22] unknown: Admin session terminated due to failed re-authentication (User: unknown, IP: ::1)
[2026-06-08 22:02:22] unknown: Admin session terminated due to failed re-authentication (User: unknown, IP: ::1)
[2026-06-08 22:02:23] unknown: Admin session terminated due to failed re-authentication (User: unknown, IP: ::1)
[2026-06-08 22:02:24] unknown: Admin session terminated due to failed re-authentication (User: unknown, IP: ::1)
[2026-06-09 14:51:37] unknown: Admin dashboard locked due to inactivity (User: unknown, IP: 127.0.0.1)
[2026-06-09 14:52:07] unknown: Admin session terminated due to failed re-authentication (User: unknown, IP: 127.0.0.1)
